LOG ENTRY: Mon Jun 6th, 2016 @ precisely 9:55 am UTC
PHP v5.6.20 :: WordPress v4.5.2 :: optimizeMember v1.2.5.1 :: optimizeMember Pro v1.2.5.1
Memory 25.29 MB :: Real Memory 26.25 MB :: Peak Memory 25.62 MB :: Real Peak Memory 26.25 MB
puremaca.net/reviewsite5/?optimizemember_paypal_notify=1
User-Agent: optimizeMember v1.2.5.1; http://puremaca.net/reviewsite5
array (
  'txn_type' => 'subscr_signup',
  'subscr_cid' => 'cus_8aVTUZppKs0cjF',
  'subscr_id' => 'sub_8aVTyDSbaNZtad',
  'custom' => 'puremaca.net',
  'txn_cid' => 'cus_8aVTUZppKs0cjF',
  'txn_id' => 'ch_18JKSJDvkGLdZJxbxG5jbIql',
  'period1' => '1 M',
  'period3' => '1 M',
  'mc_amount1' => '99.95',
  'mc_amount3' => '49.95',
  'mc_gross' => '99.95',
  'mc_currency' => 'USD',
  'tax' => '0.00',
  'recurring' => '49.95',
  'payer_email' => 'mattejslo@gmail.com',
  'first_name' => 'Test',
  'last_name' => 'Best',
  'option_name1' => 'Originating Domain',
  'option_selection1' => 'puremaca.net',
  'option_name2' => 'Customer IP Address',
  'option_selection2' => '91.227.110.130',
  'item_name' => '1 Month @ $99.95 / then $49.95 USD / Monthly (recurring charge, for ongoing access)',
  'item_number' => '1',
  'proxy_verified' => 'stripe',
  'optimizemember_log' => 
  array (
    0 => 'IPN received on: Mon Jun 6, 2016 9:55:40 am UTC',
    1 => 'optimizeMember POST vars verified with a Proxy Key',
    2 => 'optimizeMember originating domain (`$_SERVER["HTTP_HOST"]`) validated.',
    3 => 'optimizeMember `txn_type` identified as ( `web_accept|subscr_signup` ).',
    4 => 'optimizeMember `txn_type` identified as ( `web_accept|subscr_signup` ) w/o update vars.',
    5 => 'Signup Confirmation Email sent to: "Test Best" <mattejslo@gmail.com>.',
    6 => 'User exists. Handling `payment` for Subscription via ( `subscr-signup-as-subscr-payment` ).',
    7 => 'Storing IPN signup vars now. These are associated with a User\'s account record; for future reference.',
  ),
  'subscr_gateway' => 'stripe',
  'subscr_baid' => 'sub_8aVTyDSbaNZtad',
  'eotper' => NULL,
  'ccaps' => NULL,
  'level' => '1',
  'ip' => '91.227.110.130',
  'initial_term' => '1 M',
  'initial' => '99.95',
  'regular' => '49.95',
  'regular_term' => '1 M',
  'currency' => 'USD',
  'currency_symbol' => '$',
  'optimizemember_paypal_proxy' => 'stripe',
  'optimizemember_paypal_proxy_use' => 'pro-emails,subscr-signup-as-subscr-payment',
  'optimizemember_paypal_proxy_coupon' => 
  array (
    'coupon_code' => '',
    'full_coupon_code' => '',
    'affiliate_id' => '',
  ),
  'optimizemember_paypal_proxy_verification' => '67ac01131909b0f15306dabeeebe124d',
)

LOG ENTRY: Mon Jun 6th, 2016 @ precisely 9:55 am UTC
PHP v5.6.20 :: WordPress v4.5.2 :: optimizeMember v1.2.5.1 :: optimizeMember Pro v1.2.5.1
Memory 24.84 MB :: Real Memory 25.50 MB :: Peak Memory 24.99 MB :: Real Peak Memory 25.50 MB
puremaca.net/reviewsite5/?optimizemember_paypal_notify=1
User-Agent: optimizeMember v1.2.5.1; http://puremaca.net/reviewsite5
array (
  'txn_type' => 'subscr_payment',
  'txn_id' => 'in_18JKSNDvkGLdZJxbk4nfLomk',
  'txn_cid' => 'cus_8aVTUZppKs0cjF',
  'subscr_cid' => 'cus_8aVTUZppKs0cjF',
  'subscr_id' => 'sub_8aVTyDSbaNZtad',
  'custom' => 'puremaca.net',
  'mc_gross' => '0.00',
  'mc_currency' => 'USD',
  'tax' => '0.00',
  'period1' => '1 M',
  'period3' => '1 M',
  'payer_email' => 'mattejslo@gmail.com',
  'first_name' => 'Test',
  'last_name' => 'Best',
  'option_name1' => 'Originating Domain',
  'option_selection1' => 'puremaca.net',
  'option_name2' => 'Customer IP Address',
  'option_selection2' => '91.227.110.130',
  'item_name' => '1 Month @ $99.95 / then $49.95 USD / Monthly (recurring charge, for ongoing access)',
  'item_number' => '1',
  'proxy_verified' => 'stripe',
  'optimizemember_log' => 
  array (
    0 => 'IPN received on: Mon Jun 6, 2016 9:55:49 am UTC',
    1 => 'optimizeMember POST vars verified with a Proxy Key',
    2 => 'optimizeMember originating domain (`$_SERVER["HTTP_HOST"]`) validated.',
    3 => 'optimizeMember `txn_type` identified as ( `subscr_payment|recurring_payment` ).',
    4 => 'Updated Payment Times for this Member.',
  ),
  'subscr_gateway' => 'stripe',
  'subscr_baid' => 'sub_8aVTyDSbaNZtad',
  'ccaps' => NULL,
  'level' => '1',
  'ip' => '91.227.110.130',
  'currency' => 'USD',
  'currency_symbol' => '$',
  'optimizemember_paypal_proxy' => 'stripe',
  'optimizemember_paypal_proxy_use' => 'pro-emails',
  'optimizemember_paypal_proxy_verification' => '67ac01131909b0f15306dabeeebe124d',
)

LOG ENTRY: Mon Jun 6th, 2016 @ precisely 9:59 am UTC
PHP v5.6.20 :: WordPress v4.5.2 :: optimizeMember v1.2.5.1 :: optimizeMember Pro v1.2.5.1
Memory 25.29 MB :: Real Memory 26.00 MB :: Peak Memory 25.62 MB :: Real Peak Memory 26.00 MB
puremaca.net/reviewsite5/?optimizemember_paypal_notify=1
User-Agent: optimizeMember v1.2.5.1; http://puremaca.net/reviewsite5
array (
  'txn_type' => 'subscr_signup',
  'subscr_cid' => 'cus_8aVWxzQKd8Ou3a',
  'subscr_id' => 'sub_8aVXG1FBxc3Dfb',
  'custom' => 'puremaca.net',
  'txn_cid' => 'cus_8aVWxzQKd8Ou3a',
  'txn_id' => 'ch_18JKVwDvkGLdZJxbyKaRw6uc',
  'period1' => '1 M',
  'period3' => '1 M',
  'mc_amount1' => '99.95',
  'mc_amount3' => '49.95',
  'mc_gross' => '99.95',
  'mc_currency' => 'USD',
  'tax' => '0.00',
  'recurring' => '49.95',
  'payer_email' => 'jayar.arciga.jr@gmail.com',
  'first_name' => 'Jay-Ar',
  'last_name' => 'Arciga',
  'option_name1' => 'Originating Domain',
  'option_selection1' => 'puremaca.net',
  'option_name2' => 'Customer IP Address',
  'option_selection2' => '130.105.192.77',
  'item_name' => '1 Month @ $99.95 / then $49.95 USD / Monthly (recurring charge, for ongoing access)',
  'item_number' => '1',
  'proxy_verified' => 'stripe',
  'optimizemember_log' => 
  array (
    0 => 'IPN received on: Mon Jun 6, 2016 9:59:23 am UTC',
    1 => 'optimizeMember POST vars verified with a Proxy Key',
    2 => 'optimizeMember originating domain (`$_SERVER["HTTP_HOST"]`) validated.',
    3 => 'optimizeMember `txn_type` identified as ( `web_accept|subscr_signup` ).',
    4 => 'optimizeMember `txn_type` identified as ( `web_accept|subscr_signup` ) w/o update vars.',
    5 => 'Signup Confirmation Email sent to: "Jay-Ar Arciga" <jayar.arciga.jr@gmail.com>.',
    6 => 'User exists. Handling `payment` for Subscription via ( `subscr-signup-as-subscr-payment` ).',
    7 => 'Storing IPN signup vars now. These are associated with a User\'s account record; for future reference.',
  ),
  'subscr_gateway' => 'stripe',
  'subscr_baid' => 'sub_8aVXG1FBxc3Dfb',
  'eotper' => NULL,
  'ccaps' => NULL,
  'level' => '1',
  'ip' => '130.105.192.77',
  'initial_term' => '1 M',
  'initial' => '99.95',
  'regular' => '49.95',
  'regular_term' => '1 M',
  'currency' => 'USD',
  'currency_symbol' => '$',
  'optimizemember_paypal_proxy' => 'stripe',
  'optimizemember_paypal_proxy_use' => 'pro-emails,subscr-signup-as-subscr-payment',
  'optimizemember_paypal_proxy_coupon' => 
  array (
    'coupon_code' => '',
    'full_coupon_code' => '',
    'affiliate_id' => '',
  ),
  'optimizemember_paypal_proxy_verification' => '67ac01131909b0f15306dabeeebe124d',
)

LOG ENTRY: Mon Jun 6th, 2016 @ precisely 9:59 am UTC
PHP v5.6.20 :: WordPress v4.5.2 :: optimizeMember v1.2.5.1 :: optimizeMember Pro v1.2.5.1
Memory 24.84 MB :: Real Memory 25.50 MB :: Peak Memory 24.99 MB :: Real Peak Memory 25.50 MB
puremaca.net/reviewsite5/?optimizemember_paypal_notify=1
User-Agent: optimizeMember v1.2.5.1; http://puremaca.net/reviewsite5
array (
  'txn_type' => 'subscr_payment',
  'txn_id' => 'in_18JKVyDvkGLdZJxbi4BbKxUu',
  'txn_cid' => 'cus_8aVWxzQKd8Ou3a',
  'subscr_cid' => 'cus_8aVWxzQKd8Ou3a',
  'subscr_id' => 'sub_8aVXG1FBxc3Dfb',
  'custom' => 'puremaca.net',
  'mc_gross' => '0.00',
  'mc_currency' => 'USD',
  'tax' => '0.00',
  'period1' => '1 M',
  'period3' => '1 M',
  'payer_email' => 'jayar.arciga.jr@gmail.com',
  'first_name' => 'Jay-Ar',
  'last_name' => 'Arciga',
  'option_name1' => 'Originating Domain',
  'option_selection1' => 'puremaca.net',
  'option_name2' => 'Customer IP Address',
  'option_selection2' => '130.105.192.77',
  'item_name' => '1 Month @ $99.95 / then $49.95 USD / Monthly (recurring charge, for ongoing access)',
  'item_number' => '1',
  'proxy_verified' => 'stripe',
  'optimizemember_log' => 
  array (
    0 => 'IPN received on: Mon Jun 6, 2016 9:59:31 am UTC',
    1 => 'optimizeMember POST vars verified with a Proxy Key',
    2 => 'optimizeMember originating domain (`$_SERVER["HTTP_HOST"]`) validated.',
    3 => 'optimizeMember `txn_type` identified as ( `subscr_payment|recurring_payment` ).',
    4 => 'Updated Payment Times for this Member.',
  ),
  'subscr_gateway' => 'stripe',
  'subscr_baid' => 'sub_8aVXG1FBxc3Dfb',
  'ccaps' => NULL,
  'level' => '1',
  'ip' => '130.105.192.77',
  'currency' => 'USD',
  'currency_symbol' => '$',
  'optimizemember_paypal_proxy' => 'stripe',
  'optimizemember_paypal_proxy_use' => 'pro-emails',
  'optimizemember_paypal_proxy_verification' => '67ac01131909b0f15306dabeeebe124d',
)

LOG ENTRY: Mon Jun 6th, 2016 @ precisely 11:44 am UTC
PHP v5.6.20 :: WordPress v4.5.2 :: optimizeMember v1.2.5.1 :: optimizeMember Pro v1.2.5.1
Memory 25.32 MB :: Real Memory 25.75 MB :: Peak Memory 25.42 MB :: Real Peak Memory 25.75 MB
puremaca.net/reviewsite5/?optimizemember_paypal_notify=1
User-Agent: optimizeMember v1.2.5.1; http://puremaca.net/reviewsite5
array (
  'txn_type' => 'subscr_eot',
  'subscr_cid' => 'cus_8aVWxzQKd8Ou3a',
  'subscr_id' => 'sub_8aVXG1FBxc3Dfb',
  'custom' => 'puremaca.net',
  'period1' => '1 M',
  'period3' => '1 M',
  'payer_email' => 'jayar.arciga.jr@gmail.com',
  'first_name' => 'Jay-Ar',
  'last_name' => 'Arciga',
  'option_name1' => 'Originating Domain',
  'option_selection1' => 'puremaca.net',
  'option_name2' => 'Customer IP Address',
  'option_selection2' => '130.105.192.77',
  'item_name' => '1 Month @ $99.95 / then $49.95 USD / Monthly (recurring charge, for ongoing access)',
  'item_number' => '1',
  'proxy_verified' => 'stripe',
  'optimizemember_log' => 
  array (
    0 => 'IPN received on: Mon Jun 6, 2016 11:44:50 am UTC',
    1 => 'optimizeMember POST vars verified with a Proxy Key',
    2 => 'optimizeMember originating domain (`$_SERVER["HTTP_HOST"]`) validated.',
    3 => 'optimizeMember `txn_type` identified as ( `subscr_eot|recurring_payment_expired|recurring_payment_suspended_due_to_max_failed_payment` ) - or - `recurring_payment_profile_cancel` w/ `initial_payment_status` ( `failed` ).',
    4 => 'Member Level/Capabilities demoted to: Subscriber.',
  ),
  'subscr_gateway' => 'stripe',
  'subscr_baid' => 'sub_8aVXG1FBxc3Dfb',
  'ip' => '130.105.192.77',
  'currency' => '',
  'currency_symbol' => '$',
  'optimizemember_paypal_proxy' => 'stripe',
  'optimizemember_paypal_proxy_use' => 'pro-emails',
  'optimizemember_paypal_proxy_verification' => '67ac01131909b0f15306dabeeebe124d',
)

LOG ENTRY: Mon Jun 6th, 2016 @ precisely 11:58 am UTC
PHP v5.6.20 :: WordPress v4.5.2 :: optimizeMember v1.2.5.1 :: optimizeMember Pro v1.2.5.1
Memory 25.29 MB :: Real Memory 26.00 MB :: Peak Memory 25.62 MB :: Real Peak Memory 26.00 MB
puremaca.net/reviewsite5/?optimizemember_paypal_notify=1
User-Agent: optimizeMember v1.2.5.1; http://puremaca.net/reviewsite5
array (
  'txn_type' => 'subscr_signup',
  'subscr_cid' => 'cus_8aXRiOmU4wXWNd',
  'subscr_id' => 'sub_8aXRphooTFc9Ju',
  'custom' => 'puremaca.net',
  'txn_cid' => 'cus_8aXRiOmU4wXWNd',
  'txn_id' => 'ch_18JMMzDvkGLdZJxboi7LPT2u',
  'period1' => '1 M',
  'period3' => '1 M',
  'mc_amount1' => '99.95',
  'mc_amount3' => '49.95',
  'mc_gross' => '99.95',
  'mc_currency' => 'USD',
  'tax' => '0.00',
  'recurring' => '49.95',
  'payer_email' => 'jayar.arciga.jr@gmail.com',
  'first_name' => 'Jay-Ar',
  'last_name' => 'Arciga',
  'option_name1' => 'Originating Domain',
  'option_selection1' => 'puremaca.net',
  'option_name2' => 'Customer IP Address',
  'option_selection2' => '130.105.192.77',
  'item_name' => '1 Month @ $99.95 / then $49.95 USD / Monthly (recurring charge, for ongoing access)',
  'item_number' => '1',
  'proxy_verified' => 'stripe',
  'optimizemember_log' => 
  array (
    0 => 'IPN received on: Mon Jun 6, 2016 11:58:16 am UTC',
    1 => 'optimizeMember POST vars verified with a Proxy Key',
    2 => 'optimizeMember originating domain (`$_SERVER["HTTP_HOST"]`) validated.',
    3 => 'optimizeMember `txn_type` identified as ( `web_accept|subscr_signup` ).',
    4 => 'optimizeMember `txn_type` identified as ( `web_accept|subscr_signup` ) w/o update vars.',
    5 => 'Signup Confirmation Email sent to: "Jay-Ar Arciga" <jayar.arciga.jr@gmail.com>.',
    6 => 'Subscr. Return ( `modification=0` ), a Proxy Return URL is ready.',
    7 => 'User exists. Handling `payment` for Subscription via ( `subscr-signup-as-subscr-payment` ).',
    8 => 'Storing IPN signup vars now. These are associated with a User\'s account record; for future reference.',
  ),
  'subscr_gateway' => 'stripe',
  'subscr_baid' => 'sub_8aXRphooTFc9Ju',
  'eotper' => NULL,
  'ccaps' => NULL,
  'level' => '1',
  'ip' => '130.105.192.77',
  'initial_term' => '1 M',
  'initial' => '99.95',
  'regular' => '49.95',
  'regular_term' => '1 M',
  'currency' => 'USD',
  'currency_symbol' => '$',
  'optimizemember_paypal_proxy_return_url' => 'http://puremaca.net/reviewsite5/members/',
  'optimizemember_paypal_proxy' => 'stripe',
  'optimizemember_paypal_proxy_use' => 'pro-emails,subscr-signup-as-subscr-payment',
  'optimizemember_paypal_proxy_coupon' => 
  array (
    'coupon_code' => '',
    'full_coupon_code' => '',
    'affiliate_id' => '',
  ),
  'optimizemember_paypal_proxy_verification' => '67ac01131909b0f15306dabeeebe124d',
)

LOG ENTRY: Mon Jun 6th, 2016 @ precisely 11:58 am UTC
PHP v5.6.20 :: WordPress v4.5.2 :: optimizeMember v1.2.5.1 :: optimizeMember Pro v1.2.5.1
Memory 24.84 MB :: Real Memory 25.75 MB :: Peak Memory 24.99 MB :: Real Peak Memory 25.75 MB
puremaca.net/reviewsite5/?optimizemember_paypal_notify=1
User-Agent: optimizeMember v1.2.5.1; http://puremaca.net/reviewsite5
array (
  'txn_type' => 'subscr_payment',
  'txn_id' => 'in_18JMN1DvkGLdZJxbwkQ5R7ng',
  'txn_cid' => 'cus_8aXRiOmU4wXWNd',
  'subscr_cid' => 'cus_8aXRiOmU4wXWNd',
  'subscr_id' => 'sub_8aXRphooTFc9Ju',
  'custom' => 'puremaca.net',
  'mc_gross' => '0.00',
  'mc_currency' => 'USD',
  'tax' => '0.00',
  'period1' => '1 M',
  'period3' => '1 M',
  'payer_email' => 'jayar.arciga.jr@gmail.com',
  'first_name' => 'Jay-Ar',
  'last_name' => 'Arciga',
  'option_name1' => 'Originating Domain',
  'option_selection1' => 'puremaca.net',
  'option_name2' => 'Customer IP Address',
  'option_selection2' => '130.105.192.77',
  'item_name' => '1 Month @ $99.95 / then $49.95 USD / Monthly (recurring charge, for ongoing access)',
  'item_number' => '1',
  'proxy_verified' => 'stripe',
  'optimizemember_log' => 
  array (
    0 => 'IPN received on: Mon Jun 6, 2016 11:58:27 am UTC',
    1 => 'optimizeMember POST vars verified with a Proxy Key',
    2 => 'optimizeMember originating domain (`$_SERVER["HTTP_HOST"]`) validated.',
    3 => 'optimizeMember `txn_type` identified as ( `subscr_payment|recurring_payment` ).',
    4 => 'Updated Payment Times for this Member.',
  ),
  'subscr_gateway' => 'stripe',
  'subscr_baid' => 'sub_8aXRphooTFc9Ju',
  'ccaps' => NULL,
  'level' => '1',
  'ip' => '130.105.192.77',
  'currency' => 'USD',
  'currency_symbol' => '$',
  'optimizemember_paypal_proxy' => 'stripe',
  'optimizemember_paypal_proxy_use' => 'pro-emails',
  'optimizemember_paypal_proxy_verification' => '67ac01131909b0f15306dabeeebe124d',
)

LOG ENTRY: Fri Jun 17th, 2016 @ precisely 1:26 pm UTC
PHP v5.6.20 :: WordPress v4.5.2 :: optimizeMember v1.2.5.1 :: optimizeMember Pro v1.2.5.1
Memory 25.61 MB :: Real Memory 26.50 MB :: Peak Memory 25.95 MB :: Real Peak Memory 26.50 MB
puremaca.net/reviewsite5/?optimizemember_paypal_notify=1
User-Agent: optimizeMember v1.2.5.1; http://puremaca.net/reviewsite5
array (
  'txn_type' => 'subscr_signup',
  'subscr_cid' => 'cus_8egMwA3ajaIadO',
  'subscr_id' => 'sub_8egM2nhbx3aC7X',
  'custom' => 'puremaca.net',
  'txn_cid' => 'cus_8egMwA3ajaIadO',
  'txn_id' => 'ch_18NMzYDvkGLdZJxbHeJTu7Fg',
  'period1' => '1 M',
  'period3' => '1 M',
  'mc_amount1' => '79.95',
  'mc_amount3' => '29.95',
  'mc_gross' => '79.95',
  'mc_currency' => 'USD',
  'tax' => '0.00',
  'recurring' => '29.95',
  'payer_email' => 'maeann.arciga@gmail.com',
  'first_name' => 'Mae Ann',
  'last_name' => 'Arciga',
  'option_name1' => 'Originating Domain',
  'option_selection1' => 'puremaca.net',
  'option_name2' => 'Customer IP Address',
  'option_selection2' => '130.105.209.245',
  'item_name' => 'COUPON $20.00 off. (Now: $79.95 for 1 month, then $29.95 / monthly) ~ ORIGINALLY: 1 Month @ $99.95 / then $49.95 USD / Monthly (recurring charge, for ongoing access)',
  'item_number' => '1',
  'proxy_verified' => 'stripe',
  'optimizemember_log' => 
  array (
    0 => 'IPN received on: Fri Jun 17, 2016 1:26:40 pm UTC',
    1 => 'optimizeMember POST vars verified with a Proxy Key',
    2 => 'optimizeMember originating domain (`$_SERVER["HTTP_HOST"]`) validated.',
    3 => 'optimizeMember `txn_type` identified as ( `web_accept|subscr_signup` ).',
    4 => 'optimizeMember `txn_type` identified as ( `web_accept|subscr_signup` ) w/o update vars.',
    5 => 'Signup Confirmation Email sent to: "Mae Ann Arciga" <maeann.arciga@gmail.com>.',
    6 => 'Subscr. Return ( `modification=0` ), a Proxy Return URL is ready.',
    7 => 'User exists. Handling `payment` for Subscription via ( `subscr-signup-as-subscr-payment` ).',
    8 => 'Storing IPN signup vars now. These are associated with a User\'s account record; for future reference.',
  ),
  'subscr_gateway' => 'stripe',
  'subscr_baid' => 'sub_8egM2nhbx3aC7X',
  'eotper' => NULL,
  'ccaps' => NULL,
  'level' => '1',
  'ip' => '130.105.209.245',
  'initial_term' => '1 M',
  'initial' => '79.95',
  'regular' => '29.95',
  'regular_term' => '1 M',
  'currency' => 'USD',
  'currency_symbol' => '$',
  'optimizemember_paypal_proxy_return_url' => 'http://puremaca.net/reviewsite5/login/',
  'optimizemember_paypal_proxy' => 'stripe',
  'optimizemember_paypal_proxy_use' => 'pro-emails,subscr-signup-as-subscr-payment',
  'optimizemember_paypal_proxy_coupon' => 
  array (
    'coupon_code' => 'dqpz',
    'full_coupon_code' => 'dqpz',
    'affiliate_id' => '',
  ),
  'optimizemember_paypal_proxy_verification' => '67ac01131909b0f15306dabeeebe124d',
)

LOG ENTRY: Fri Jun 17th, 2016 @ precisely 1:26 pm UTC
PHP v5.6.20 :: WordPress v4.5.2 :: optimizeMember v1.2.5.1 :: optimizeMember Pro v1.2.5.1
Memory 24.93 MB :: Real Memory 25.75 MB :: Peak Memory 25.09 MB :: Real Peak Memory 25.75 MB
puremaca.net/reviewsite5/?optimizemember_paypal_notify=1
User-Agent: optimizeMember v1.2.5.1; http://puremaca.net/reviewsite5
array (
  'txn_type' => 'subscr_payment',
  'txn_id' => 'in_18NMzbDvkGLdZJxbnKBFWMC2',
  'txn_cid' => 'cus_8egMwA3ajaIadO',
  'subscr_cid' => 'cus_8egMwA3ajaIadO',
  'subscr_id' => 'sub_8egM2nhbx3aC7X',
  'custom' => 'puremaca.net',
  'mc_gross' => '0.00',
  'mc_currency' => 'USD',
  'tax' => '0.00',
  'period1' => '1 M',
  'period3' => '1 M',
  'payer_email' => 'maeann.arciga@gmail.com',
  'first_name' => 'Mae Ann',
  'last_name' => 'Arciga',
  'option_name1' => 'Originating Domain',
  'option_selection1' => 'puremaca.net',
  'option_name2' => 'Customer IP Address',
  'option_selection2' => '130.105.209.245',
  'item_name' => 'COUPON $20.00 off. (Now: $79.95 for 1 month, then $29.95 / monthly) ~ ORIGINALLY: 1 Month @ $99.95 / then $49.95 USD / Monthly (recurring charge, for ongoing access)',
  'item_number' => '1',
  'proxy_verified' => 'stripe',
  'optimizemember_log' => 
  array (
    0 => 'IPN received on: Fri Jun 17, 2016 1:26:51 pm UTC',
    1 => 'optimizeMember POST vars verified with a Proxy Key',
    2 => 'optimizeMember originating domain (`$_SERVER["HTTP_HOST"]`) validated.',
    3 => 'optimizeMember `txn_type` identified as ( `subscr_payment|recurring_payment` ).',
    4 => 'Updated Payment Times for this Member.',
  ),
  'subscr_gateway' => 'stripe',
  'subscr_baid' => 'sub_8egM2nhbx3aC7X',
  'ccaps' => NULL,
  'level' => '1',
  'ip' => '130.105.209.245',
  'currency' => 'USD',
  'currency_symbol' => '$',
  'optimizemember_paypal_proxy' => 'stripe',
  'optimizemember_paypal_proxy_use' => 'pro-emails',
  'optimizemember_paypal_proxy_verification' => '67ac01131909b0f15306dabeeebe124d',
)

LOG ENTRY: Wed Jun 29th, 2016 @ precisely 7:08 pm UTC
PHP v5.6.20 :: WordPress v4.5.3 :: optimizeMember v1.2.5.1 :: optimizeMember Pro v1.2.5.1
Memory 25.86 MB :: Real Memory 26.25 MB :: Peak Memory 26.16 MB :: Real Peak Memory 26.25 MB
puremaca.net/reviewsite5/?optimizemember_paypal_notify=1
User-Agent: optimizeMember v1.2.5.1; http://puremaca.net/reviewsite5
array (
  'txn_type' => 'subscr_signup',
  'subscr_cid' => 'cus_8aXRiOmU4wXWNd',
  'subscr_id' => 'sub_8jGarCb3YWuJr6',
  'custom' => 'puremaca.net',
  'txn_cid' => 'cus_8aXRiOmU4wXWNd',
  'txn_id' => 'ch_18Ro3NDvkGLdZJxb0kxMKQ9p',
  'period1' => '0 D',
  'period3' => '1 M',
  'mc_amount1' => '0.00',
  'mc_amount3' => '0.50',
  'mc_gross' => '0.50',
  'mc_currency' => 'USD',
  'tax' => '0.00',
  'recurring' => '0.50',
  'payer_email' => 'jayar.arciga.jr@gmail.com',
  'first_name' => 'Jay-Ar',
  'last_name' => 'Arciga',
  'option_name1' => 'Referencing Customer ID',
  'option_selection1' => 'sub_8aXRphooTFc9Ju',
  'option_name2' => 'Customer IP Address',
  'option_selection2' => '130.105.214.105',
  'item_name' => 'Update your billing information.',
  'item_number' => '1',
  'proxy_verified' => 'stripe',
  'optimizemember_log' => 
  array (
    0 => 'IPN received on: Wed Jun 29, 2016 7:08:56 pm UTC',
    1 => 'optimizeMember POST vars verified with a Proxy Key',
    2 => 'optimizeMember originating domain (`$_SERVER["HTTP_HOST"]`) validated.',
    3 => 'optimizeMember `txn_type` identified as ( `web_accept|subscr_signup` ).',
    4 => 'optimizeMember `txn_type` identified as ( `web_accept|subscr_signup` ) w/ update vars.',
    5 => 'optimizeMember Level/Capabilities updated w/ advanced update routines.',
    6 => 'Modification Confirmation Email sent to: "Jay-Ar Arciga" <jayar.arciga.jr@gmail.com>.',
    7 => 'Storing IPN signup vars now. These are associated with a User\'s account record; for future reference.',
  ),
  'subscr_gateway' => 'stripe',
  'subscr_baid' => 'sub_8jGarCb3YWuJr6',
  'eotper' => NULL,
  'ccaps' => NULL,
  'level' => '1',
  'ip' => '130.105.209.245',
  'initial_term' => '0 D',
  'initial' => '0.50',
  'regular' => '0.50',
  'regular_term' => '1 M',
  'currency' => 'USD',
  'currency_symbol' => '$',
  'optimizemember_paypal_proxy' => 'stripe',
  'optimizemember_paypal_proxy_use' => 'pro-emails',
  'optimizemember_paypal_proxy_coupon' => 
  array (
    'coupon_code' => '',
    'full_coupon_code' => '',
    'affiliate_id' => '',
  ),
  'optimizemember_paypal_proxy_verification' => '67ac01131909b0f15306dabeeebe124d',
)

LOG ENTRY: Wed Jun 29th, 2016 @ precisely 7:09 pm UTC
PHP v5.6.20 :: WordPress v4.5.3 :: optimizeMember v1.2.5.1 :: optimizeMember Pro v1.2.5.1
Memory 25.25 MB :: Real Memory 26.50 MB :: Peak Memory 25.41 MB :: Real Peak Memory 26.50 MB
puremaca.net/reviewsite5/?optimizemember_paypal_notify=1
User-Agent: optimizeMember v1.2.5.1; http://puremaca.net/reviewsite5
array (
  'txn_type' => 'subscr_payment',
  'txn_id' => 'in_18Ro3QDvkGLdZJxblYA8XDNR',
  'txn_cid' => 'cus_8aXRiOmU4wXWNd',
  'subscr_cid' => 'cus_8aXRiOmU4wXWNd',
  'subscr_id' => 'sub_8jGarCb3YWuJr6',
  'custom' => 'puremaca.net',
  'mc_gross' => '0.00',
  'mc_currency' => 'USD',
  'tax' => '0.00',
  'period1' => '0 D',
  'period3' => '1 M',
  'payer_email' => 'jayar.arciga.jr@gmail.com',
  'first_name' => 'Jay-Ar',
  'last_name' => 'Arciga',
  'option_name1' => 'Referencing Customer ID',
  'option_selection1' => 'sub_8aXRphooTFc9Ju',
  'option_name2' => 'Customer IP Address',
  'option_selection2' => '130.105.214.105',
  'item_name' => 'Update your billing information.',
  'item_number' => '1',
  'proxy_verified' => 'stripe',
  'optimizemember_log' => 
  array (
    0 => 'IPN received on: Wed Jun 29, 2016 7:09:04 pm UTC',
    1 => 'optimizeMember POST vars verified with a Proxy Key',
    2 => 'optimizeMember originating domain (`$_SERVER["HTTP_HOST"]`) validated.',
    3 => 'optimizeMember `txn_type` identified as ( `subscr_payment|recurring_payment` ).',
    4 => 'Updated Payment Times for this Member.',
  ),
  'subscr_gateway' => 'stripe',
  'subscr_baid' => 'sub_8jGarCb3YWuJr6',
  'ccaps' => NULL,
  'level' => '1',
  'ip' => '130.105.209.245',
  'currency' => 'USD',
  'currency_symbol' => '$',
  'optimizemember_paypal_proxy' => 'stripe',
  'optimizemember_paypal_proxy_use' => 'pro-emails',
  'optimizemember_paypal_proxy_verification' => '67ac01131909b0f15306dabeeebe124d',
)

LOG ENTRY: Wed Jul 6th, 2016 @ precisely 11:10 am UTC
PHP v5.6.20 :: WordPress v4.5.3 :: optimizeMember v1.2.6 :: optimizeMember Pro v1.2.6
Memory 25.50 MB :: Real Memory 26.25 MB :: Peak Memory 25.65 MB :: Real Peak Memory 26.25 MB
puremaca.net/reviewsite5/?optimizemember_paypal_notify=1
User-Agent: optimizeMember v1.2.6; http://puremaca.net/reviewsite5
array (
  'txn_type' => 'subscr_payment',
  'txn_id' => 'in_18UCxyDvkGLdZJxb7gN5oHeF',
  'txn_cid' => 'cus_8aVTUZppKs0cjF',
  'subscr_cid' => 'cus_8aVTUZppKs0cjF',
  'subscr_id' => 'sub_8aVTyDSbaNZtad',
  'custom' => 'puremaca.net',
  'mc_gross' => '49.95',
  'mc_currency' => 'USD',
  'tax' => '0.00',
  'period1' => '1 M',
  'period3' => '1 M',
  'payer_email' => 'mattejslo@gmail.com',
  'first_name' => 'Test',
  'last_name' => 'Best',
  'option_name1' => 'Originating Domain',
  'option_selection1' => 'puremaca.net',
  'option_name2' => 'Customer IP Address',
  'option_selection2' => '91.227.110.130',
  'item_name' => '1 Month @ $99.95 / then $49.95 USD / Monthly (recurring charge, for ongoing access)',
  'item_number' => '1',
  'proxy_verified' => 'stripe',
  'optimizemember_log' => 
  array (
    0 => 'IPN received on: Wed Jul 6, 2016 11:10:42 am UTC',
    1 => 'optimizeMember POST vars verified with a Proxy Key',
    2 => 'optimizeMember originating domain (`$_SERVER["HTTP_HOST"]`) validated.',
    3 => 'optimizeMember `txn_type` identified as ( `subscr_payment|recurring_payment` ).',
    4 => 'Updated Payment Times for this Member.',
  ),
  'subscr_gateway' => 'stripe',
  'subscr_baid' => 'sub_8aVTyDSbaNZtad',
  'ccaps' => NULL,
  'level' => '1',
  'ip' => '91.227.110.130',
  'currency' => 'USD',
  'currency_symbol' => '$',
  'optimizemember_paypal_proxy' => 'stripe',
  'optimizemember_paypal_proxy_use' => 'pro-emails',
  'optimizemember_paypal_proxy_verification' => '67ac01131909b0f15306dabeeebe124d',
)

LOG ENTRY: Wed Jul 6th, 2016 @ precisely 12:18 pm UTC
PHP v5.6.20 :: WordPress v4.5.3 :: optimizeMember v1.2.6 :: optimizeMember Pro v1.2.6
Memory 25.98 MB :: Real Memory 26.25 MB :: Peak Memory 26.08 MB :: Real Peak Memory 26.25 MB
puremaca.net/reviewsite5/?optimizemember_paypal_notify=1
User-Agent: optimizeMember v1.2.6; http://puremaca.net/reviewsite5
array (
  'txn_type' => 'subscr_eot',
  'subscr_cid' => 'cus_8egMwA3ajaIadO',
  'subscr_id' => 'sub_8egM2nhbx3aC7X',
  'custom' => 'puremaca.net',
  'period1' => '1 M',
  'period3' => '1 M',
  'payer_email' => 'maeann.arciga@gmail.com',
  'first_name' => 'Mae Ann',
  'last_name' => 'Arciga',
  'option_name1' => 'Originating Domain',
  'option_selection1' => 'puremaca.net',
  'option_name2' => 'Customer IP Address',
  'option_selection2' => '130.105.209.245',
  'item_name' => 'COUPON $20.00 off. (Now: $79.95 for 1 month, then $29.95 / monthly) ~ ORIGINALLY: 1 Month @ $99.95 / then $49.95 USD / Monthly (recurring charge, for ongoing access)',
  'item_number' => '1',
  'proxy_verified' => 'stripe',
  'optimizemember_log' => 
  array (
    0 => 'IPN received on: Wed Jul 6, 2016 12:18:06 pm UTC',
    1 => 'optimizeMember POST vars verified with a Proxy Key',
    2 => 'optimizeMember originating domain (`$_SERVER["HTTP_HOST"]`) validated.',
    3 => 'optimizeMember `txn_type` identified as ( `subscr_eot|recurring_payment_expired|recurring_payment_suspended_due_to_max_failed_payment` ) - or - `recurring_payment_profile_cancel` w/ `initial_payment_status` ( `failed` ).',
    4 => 'Member Level/Capabilities demoted to: Subscriber.',
  ),
  'subscr_gateway' => 'stripe',
  'subscr_baid' => 'sub_8egM2nhbx3aC7X',
  'ip' => '130.105.209.245',
  'currency' => '',
  'currency_symbol' => '$',
  'optimizemember_paypal_proxy' => 'stripe',
  'optimizemember_paypal_proxy_use' => 'pro-emails',
  'optimizemember_paypal_proxy_verification' => '67ac01131909b0f15306dabeeebe124d',
)

LOG ENTRY: Wed Jul 6th, 2016 @ precisely 1:52 pm UTC
PHP v5.6.20 :: WordPress v4.5.3 :: optimizeMember v1.2.6 :: optimizeMember Pro v1.2.6
Memory 25.95 MB :: Real Memory 26.75 MB :: Peak Memory 26.28 MB :: Real Peak Memory 26.75 MB
puremaca.net/reviewsite5/?optimizemember_paypal_notify=1
User-Agent: optimizeMember v1.2.6; http://puremaca.net/reviewsite5
array (
  'txn_type' => 'subscr_signup',
  'subscr_cid' => 'cus_8lo42kqmx7Ccwk',
  'subscr_id' => 'sub_8lo46XMRC5SJo3',
  'custom' => 'puremaca.net',
  'txn_cid' => 'cus_8lo42kqmx7Ccwk',
  'txn_id' => 'ch_18UGRwDvkGLdZJxb66BDTDFM',
  'period1' => '1 M',
  'period3' => '1 M',
  'mc_amount1' => '99.95',
  'mc_amount3' => '49.95',
  'mc_gross' => '99.95',
  'mc_currency' => 'USD',
  'tax' => '0.00',
  'recurring' => '49.95',
  'payer_email' => 'jayar.arciga.jr@gmail.com',
  'first_name' => 'Jayar',
  'last_name' => 'Arciga',
  'option_name1' => 'Originating Domain',
  'option_selection1' => 'puremaca.net',
  'option_name2' => 'Customer IP Address',
  'option_selection2' => '130.105.209.226',
  'item_name' => '1 Month @ $99.95 / then $49.95 USD / Monthly (recurring charge, for ongoing access)',
  'item_number' => '1',
  'proxy_verified' => 'stripe',
  'optimizemember_log' => 
  array (
    0 => 'IPN received on: Wed Jul 6, 2016 1:52:28 pm UTC',
    1 => 'optimizeMember POST vars verified with a Proxy Key',
    2 => 'optimizeMember originating domain (`$_SERVER["HTTP_HOST"]`) validated.',
    3 => 'optimizeMember `txn_type` identified as ( `web_accept|subscr_signup` ).',
    4 => 'optimizeMember `txn_type` identified as ( `web_accept|subscr_signup` ) w/o update vars.',
    5 => 'Signup Confirmation Email sent to: "Jayar Arciga" <jayar.arciga.jr@gmail.com>.',
    6 => 'Subscr. Return ( `modification=0` ), a Proxy Return URL is ready.',
    7 => 'User exists. Handling `payment` for Subscription via ( `subscr-signup-as-subscr-payment` ).',
    8 => 'Storing IPN signup vars now. These are associated with a User\'s account record; for future reference.',
  ),
  'subscr_gateway' => 'stripe',
  'subscr_baid' => 'sub_8lo46XMRC5SJo3',
  'eotper' => NULL,
  'ccaps' => NULL,
  'level' => '1',
  'ip' => '130.105.209.226',
  'initial_term' => '1 M',
  'initial' => '99.95',
  'regular' => '49.95',
  'regular_term' => '1 M',
  'currency' => 'USD',
  'currency_symbol' => '$',
  'optimizemember_paypal_proxy_return_url' => 'http://puremaca.net/reviewsite5/login/',
  'optimizemember_paypal_proxy' => 'stripe',
  'optimizemember_paypal_proxy_use' => 'pro-emails,subscr-signup-as-subscr-payment',
  'optimizemember_paypal_proxy_coupon' => 
  array (
    'coupon_code' => '',
    'full_coupon_code' => '',
    'affiliate_id' => '',
  ),
  'optimizemember_paypal_proxy_verification' => '67ac01131909b0f15306dabeeebe124d',
)

LOG ENTRY: Wed Jul 6th, 2016 @ precisely 1:52 pm UTC
PHP v5.6.20 :: WordPress v4.5.3 :: optimizeMember v1.2.6 :: optimizeMember Pro v1.2.6
Memory 25.49 MB :: Real Memory 26.00 MB :: Peak Memory 25.61 MB :: Real Peak Memory 26.00 MB
puremaca.net/reviewsite5/?optimizemember_paypal_notify=1
User-Agent: optimizeMember v1.2.6; http://puremaca.net/reviewsite5
array (
  'txn_type' => 'subscr_payment',
  'txn_id' => 'in_18UGRzDvkGLdZJxbO5EntaAU',
  'txn_cid' => 'cus_8lo42kqmx7Ccwk',
  'subscr_cid' => 'cus_8lo42kqmx7Ccwk',
  'subscr_id' => 'sub_8lo46XMRC5SJo3',
  'custom' => 'puremaca.net',
  'mc_gross' => '0.00',
  'mc_currency' => 'USD',
  'tax' => '0.00',
  'period1' => '1 M',
  'period3' => '1 M',
  'payer_email' => 'jayar.arciga.jr@gmail.com',
  'first_name' => 'Jayar',
  'last_name' => 'Arciga',
  'option_name1' => 'Originating Domain',
  'option_selection1' => 'puremaca.net',
  'option_name2' => 'Customer IP Address',
  'option_selection2' => '130.105.209.226',
  'item_name' => '1 Month @ $99.95 / then $49.95 USD / Monthly (recurring charge, for ongoing access)',
  'item_number' => '1',
  'proxy_verified' => 'stripe',
  'optimizemember_log' => 
  array (
    0 => 'IPN received on: Wed Jul 6, 2016 1:52:43 pm UTC',
    1 => 'optimizeMember POST vars verified with a Proxy Key',
    2 => 'optimizeMember originating domain (`$_SERVER["HTTP_HOST"]`) validated.',
    3 => 'optimizeMember `txn_type` identified as ( `subscr_payment|recurring_payment` ).',
    4 => 'Updated Payment Times for this Member.',
  ),
  'subscr_gateway' => 'stripe',
  'subscr_baid' => 'sub_8lo46XMRC5SJo3',
  'ccaps' => NULL,
  'level' => '1',
  'ip' => '130.105.209.226',
  'currency' => 'USD',
  'currency_symbol' => '$',
  'optimizemember_paypal_proxy' => 'stripe',
  'optimizemember_paypal_proxy_use' => 'pro-emails',
  'optimizemember_paypal_proxy_verification' => '67ac01131909b0f15306dabeeebe124d',
)

LOG ENTRY: Wed Jul 6th, 2016 @ precisely 4:03 pm UTC
PHP v5.6.20 :: WordPress v4.5.3 :: optimizeMember v1.2.6 :: optimizeMember Pro v1.2.6
Memory 25.96 MB :: Real Memory 26.50 MB :: Peak Memory 26.29 MB :: Real Peak Memory 26.50 MB
puremaca.net/reviewsite5/?optimizemember_paypal_notify=1
User-Agent: optimizeMember v1.2.6; http://puremaca.net/reviewsite5
array (
  'txn_type' => 'subscr_signup',
  'subscr_cid' => 'cus_8lqBOfwBC9PSlP',
  'subscr_id' => 'sub_8lqBzTZoPAuZVL',
  'custom' => 'puremaca.net',
  'txn_cid' => 'cus_8lqBOfwBC9PSlP',
  'txn_id' => 'ch_18UIUtDvkGLdZJxb9dyCCeXR',
  'period1' => '1 M',
  'period3' => '1 M',
  'mc_amount1' => '99.95',
  'mc_amount3' => '49.95',
  'mc_gross' => '99.95',
  'mc_currency' => 'USD',
  'tax' => '0.00',
  'recurring' => '49.95',
  'payer_email' => 'jayar.arciga.jr@gmail.com',
  'first_name' => 'JayR',
  'last_name' => 'Arciga',
  'option_name1' => 'Originating Domain',
  'option_selection1' => 'puremaca.net',
  'option_name2' => 'Customer IP Address',
  'option_selection2' => '130.105.209.226',
  'item_name' => '1 Month @ $99.95 / then $49.95 USD / Monthly (recurring charge, for ongoing access)',
  'item_number' => '1',
  'proxy_verified' => 'stripe',
  'optimizemember_log' => 
  array (
    0 => 'IPN received on: Wed Jul 6, 2016 4:03:38 pm UTC',
    1 => 'optimizeMember POST vars verified with a Proxy Key',
    2 => 'optimizeMember originating domain (`$_SERVER["HTTP_HOST"]`) validated.',
    3 => 'optimizeMember `txn_type` identified as ( `web_accept|subscr_signup` ).',
    4 => 'optimizeMember `txn_type` identified as ( `web_accept|subscr_signup` ) w/o update vars.',
    5 => 'Signup Confirmation Email sent to: "JayR Arciga" <jayar.arciga.jr@gmail.com>.',
    6 => 'Subscr. Return ( `modification=0` ), a Proxy Return URL is ready.',
    7 => 'User exists. Handling `payment` for Subscription via ( `subscr-signup-as-subscr-payment` ).',
    8 => 'Storing IPN signup vars now. These are associated with a User\'s account record; for future reference.',
  ),
  'subscr_gateway' => 'stripe',
  'subscr_baid' => 'sub_8lqBzTZoPAuZVL',
  'eotper' => NULL,
  'ccaps' => NULL,
  'level' => '1',
  'ip' => '130.105.209.226',
  'initial_term' => '1 M',
  'initial' => '99.95',
  'regular' => '49.95',
  'regular_term' => '1 M',
  'currency' => 'USD',
  'currency_symbol' => '$',
  'optimizemember_paypal_proxy_return_url' => 'http://puremaca.net/reviewsite5/login/',
  'optimizemember_paypal_proxy' => 'stripe',
  'optimizemember_paypal_proxy_use' => 'pro-emails,subscr-signup-as-subscr-payment',
  'optimizemember_paypal_proxy_coupon' => 
  array (
    'coupon_code' => '',
    'full_coupon_code' => '',
    'affiliate_id' => '',
  ),
  'optimizemember_paypal_proxy_verification' => '67ac01131909b0f15306dabeeebe124d',
)

LOG ENTRY: Wed Jul 6th, 2016 @ precisely 4:03 pm UTC
PHP v5.6.20 :: WordPress v4.5.3 :: optimizeMember v1.2.6 :: optimizeMember Pro v1.2.6
Memory 25.50 MB :: Real Memory 26.25 MB :: Peak Memory 25.66 MB :: Real Peak Memory 26.25 MB
puremaca.net/reviewsite5/?optimizemember_paypal_notify=1
User-Agent: optimizeMember v1.2.6; http://puremaca.net/reviewsite5
array (
  'txn_type' => 'subscr_payment',
  'txn_id' => 'in_18UIUvDvkGLdZJxbyGXf9c5K',
  'txn_cid' => 'cus_8lqBOfwBC9PSlP',
  'subscr_cid' => 'cus_8lqBOfwBC9PSlP',
  'subscr_id' => 'sub_8lqBzTZoPAuZVL',
  'custom' => 'puremaca.net',
  'mc_gross' => '0.00',
  'mc_currency' => 'USD',
  'tax' => '0.00',
  'period1' => '1 M',
  'period3' => '1 M',
  'payer_email' => 'jayar.arciga.jr@gmail.com',
  'first_name' => 'JayR',
  'last_name' => 'Arciga',
  'option_name1' => 'Originating Domain',
  'option_selection1' => 'puremaca.net',
  'option_name2' => 'Customer IP Address',
  'option_selection2' => '130.105.209.226',
  'item_name' => '1 Month @ $99.95 / then $49.95 USD / Monthly (recurring charge, for ongoing access)',
  'item_number' => '1',
  'proxy_verified' => 'stripe',
  'optimizemember_log' => 
  array (
    0 => 'IPN received on: Wed Jul 6, 2016 4:03:50 pm UTC',
    1 => 'optimizeMember POST vars verified with a Proxy Key',
    2 => 'optimizeMember originating domain (`$_SERVER["HTTP_HOST"]`) validated.',
    3 => 'optimizeMember `txn_type` identified as ( `subscr_payment|recurring_payment` ).',
    4 => 'Updated Payment Times for this Member.',
  ),
  'subscr_gateway' => 'stripe',
  'subscr_baid' => 'sub_8lqBzTZoPAuZVL',
  'ccaps' => NULL,
  'level' => '1',
  'ip' => '130.105.209.226',
  'currency' => 'USD',
  'currency_symbol' => '$',
  'optimizemember_paypal_proxy' => 'stripe',
  'optimizemember_paypal_proxy_use' => 'pro-emails',
  'optimizemember_paypal_proxy_verification' => '67ac01131909b0f15306dabeeebe124d',
)

LOG ENTRY: Wed Jul 6th, 2016 @ precisely 4:28 pm UTC
PHP v5.6.20 :: WordPress v4.5.3 :: optimizeMember v1.2.6 :: optimizeMember Pro v1.2.6
Memory 25.96 MB :: Real Memory 26.50 MB :: Peak Memory 26.29 MB :: Real Peak Memory 26.50 MB
puremaca.net/reviewsite5/?optimizemember_paypal_notify=1
User-Agent: optimizeMember v1.2.6; http://puremaca.net/reviewsite5
array (
  'txn_type' => 'subscr_signup',
  'subscr_cid' => 'cus_8lqa0HySQS3cQ0',
  'subscr_id' => 'sub_8lqa4YjBEKnvlT',
  'custom' => 'puremaca.net',
  'txn_cid' => 'cus_8lqa0HySQS3cQ0',
  'txn_id' => 'ch_18UItEDvkGLdZJxbsdZ6lCTP',
  'period1' => '1 M',
  'period3' => '1 M',
  'mc_amount1' => '99.95',
  'mc_amount3' => '49.95',
  'mc_gross' => '99.95',
  'mc_currency' => 'USD',
  'tax' => '0.00',
  'recurring' => '49.95',
  'payer_email' => 'jayar.arciga.jr@gmail.com',
  'first_name' => 'JayR',
  'last_name' => 'Arciga',
  'option_name1' => 'Originating Domain',
  'option_selection1' => 'puremaca.net',
  'option_name2' => 'Customer IP Address',
  'option_selection2' => '130.105.209.226',
  'item_name' => '1 Month @ $99.95 / then $49.95 USD / Monthly (recurring charge, for ongoing access)',
  'item_number' => '1',
  'proxy_verified' => 'stripe',
  'optimizemember_log' => 
  array (
    0 => 'IPN received on: Wed Jul 6, 2016 4:28:47 pm UTC',
    1 => 'optimizeMember POST vars verified with a Proxy Key',
    2 => 'optimizeMember originating domain (`$_SERVER["HTTP_HOST"]`) validated.',
    3 => 'optimizeMember `txn_type` identified as ( `web_accept|subscr_signup` ).',
    4 => 'optimizeMember `txn_type` identified as ( `web_accept|subscr_signup` ) w/o update vars.',
    5 => 'Signup Confirmation Email sent to: "JayR Arciga" <jayar.arciga.jr@gmail.com>.',
    6 => 'Subscr. Return ( `modification=0` ), a Proxy Return URL is ready.',
    7 => 'User exists. Handling `payment` for Subscription via ( `subscr-signup-as-subscr-payment` ).',
    8 => 'Storing IPN signup vars now. These are associated with a User\'s account record; for future reference.',
  ),
  'subscr_gateway' => 'stripe',
  'subscr_baid' => 'sub_8lqa4YjBEKnvlT',
  'eotper' => NULL,
  'ccaps' => NULL,
  'level' => '1',
  'ip' => '130.105.209.226',
  'initial_term' => '1 M',
  'initial' => '99.95',
  'regular' => '49.95',
  'regular_term' => '1 M',
  'currency' => 'USD',
  'currency_symbol' => '$',
  'optimizemember_paypal_proxy_return_url' => 'http://puremaca.net/reviewsite5/login/',
  'optimizemember_paypal_proxy' => 'stripe',
  'optimizemember_paypal_proxy_use' => 'pro-emails,subscr-signup-as-subscr-payment',
  'optimizemember_paypal_proxy_coupon' => 
  array (
    'coupon_code' => '',
    'full_coupon_code' => '',
    'affiliate_id' => '',
  ),
  'optimizemember_paypal_proxy_verification' => '67ac01131909b0f15306dabeeebe124d',
)

LOG ENTRY: Wed Jul 6th, 2016 @ precisely 4:28 pm UTC
PHP v5.6.20 :: WordPress v4.5.3 :: optimizeMember v1.2.6 :: optimizeMember Pro v1.2.6
Memory 25.50 MB :: Real Memory 26.25 MB :: Peak Memory 25.66 MB :: Real Peak Memory 26.25 MB
puremaca.net/reviewsite5/?optimizemember_paypal_notify=1
User-Agent: optimizeMember v1.2.6; http://puremaca.net/reviewsite5
array (
  'txn_type' => 'subscr_payment',
  'txn_id' => 'in_18UItGDvkGLdZJxbnyqbsi5T',
  'txn_cid' => 'cus_8lqa0HySQS3cQ0',
  'subscr_cid' => 'cus_8lqa0HySQS3cQ0',
  'subscr_id' => 'sub_8lqa4YjBEKnvlT',
  'custom' => 'puremaca.net',
  'mc_gross' => '0.00',
  'mc_currency' => 'USD',
  'tax' => '0.00',
  'period1' => '1 M',
  'period3' => '1 M',
  'payer_email' => 'jayar.arciga.jr@gmail.com',
  'first_name' => 'JayR',
  'last_name' => 'Arciga',
  'option_name1' => 'Originating Domain',
  'option_selection1' => 'puremaca.net',
  'option_name2' => 'Customer IP Address',
  'option_selection2' => '130.105.209.226',
  'item_name' => '1 Month @ $99.95 / then $49.95 USD / Monthly (recurring charge, for ongoing access)',
  'item_number' => '1',
  'proxy_verified' => 'stripe',
  'optimizemember_log' => 
  array (
    0 => 'IPN received on: Wed Jul 6, 2016 4:28:55 pm UTC',
    1 => 'optimizeMember POST vars verified with a Proxy Key',
    2 => 'optimizeMember originating domain (`$_SERVER["HTTP_HOST"]`) validated.',
    3 => 'optimizeMember `txn_type` identified as ( `subscr_payment|recurring_payment` ).',
    4 => 'Updated Payment Times for this Member.',
  ),
  'subscr_gateway' => 'stripe',
  'subscr_baid' => 'sub_8lqa4YjBEKnvlT',
  'ccaps' => NULL,
  'level' => '1',
  'ip' => '130.105.209.226',
  'currency' => 'USD',
  'currency_symbol' => '$',
  'optimizemember_paypal_proxy' => 'stripe',
  'optimizemember_paypal_proxy_use' => 'pro-emails',
  'optimizemember_paypal_proxy_verification' => '67ac01131909b0f15306dabeeebe124d',
)

LOG ENTRY: Wed Jul 6th, 2016 @ precisely 4:50 pm UTC
PHP v5.6.20 :: WordPress v4.5.3 :: optimizeMember v1.2.6 :: optimizeMember Pro v1.2.6
Memory 25.99 MB :: Real Memory 26.50 MB :: Peak Memory 26.09 MB :: Real Peak Memory 26.50 MB
puremaca.net/reviewsite5/?optimizemember_paypal_notify=1
User-Agent: optimizeMember v1.2.6; http://puremaca.net/reviewsite5
array (
  'txn_type' => 'subscr_eot',
  'subscr_cid' => 'cus_8lqa0HySQS3cQ0',
  'subscr_id' => 'sub_8lqa4YjBEKnvlT',
  'custom' => 'puremaca.net',
  'period1' => '1 M',
  'period3' => '1 M',
  'payer_email' => 'jayar.arciga.jr@gmail.com',
  'first_name' => 'JayR',
  'last_name' => 'Arciga',
  'option_name1' => 'Originating Domain',
  'option_selection1' => 'puremaca.net',
  'option_name2' => 'Customer IP Address',
  'option_selection2' => '130.105.209.226',
  'item_name' => '1 Month @ $99.95 / then $49.95 USD / Monthly (recurring charge, for ongoing access)',
  'item_number' => '1',
  'proxy_verified' => 'stripe',
  'optimizemember_log' => 
  array (
    0 => 'IPN received on: Wed Jul 6, 2016 4:50:43 pm UTC',
    1 => 'optimizeMember POST vars verified with a Proxy Key',
    2 => 'optimizeMember originating domain (`$_SERVER["HTTP_HOST"]`) validated.',
    3 => 'optimizeMember `txn_type` identified as ( `subscr_eot|recurring_payment_expired|recurring_payment_suspended_due_to_max_failed_payment` ) - or - `recurring_payment_profile_cancel` w/ `initial_payment_status` ( `failed` ).',
    4 => 'Member Level/Capabilities demoted to: Subscriber.',
  ),
  'subscr_gateway' => 'stripe',
  'subscr_baid' => 'sub_8lqa4YjBEKnvlT',
  'ip' => '130.105.209.226',
  'currency' => '',
  'currency_symbol' => '$',
  'optimizemember_paypal_proxy' => 'stripe',
  'optimizemember_paypal_proxy_use' => 'pro-emails',
  'optimizemember_paypal_proxy_verification' => '67ac01131909b0f15306dabeeebe124d',
)

LOG ENTRY: Wed Jul 6th, 2016 @ precisely 4:56 pm UTC
PHP v5.6.20 :: WordPress v4.5.3 :: optimizeMember v1.2.6 :: optimizeMember Pro v1.2.6
Memory 25.96 MB :: Real Memory 26.50 MB :: Peak Memory 26.29 MB :: Real Peak Memory 26.50 MB
puremaca.net/reviewsite5/?optimizemember_paypal_notify=1
User-Agent: optimizeMember v1.2.6; http://puremaca.net/reviewsite5
array (
  'txn_type' => 'subscr_signup',
  'subscr_cid' => 'cus_8lr1cu8Sa7Iikx',
  'subscr_id' => 'sub_8lr1mHt0HZRomL',
  'custom' => 'puremaca.net',
  'txn_cid' => 'cus_8lr1cu8Sa7Iikx',
  'txn_id' => 'ch_18UJJkDvkGLdZJxbti5lYZtA',
  'period1' => '1 M',
  'period3' => '1 M',
  'mc_amount1' => '99.95',
  'mc_amount3' => '49.95',
  'mc_gross' => '99.95',
  'mc_currency' => 'USD',
  'tax' => '0.00',
  'recurring' => '49.95',
  'payer_email' => 'jayar.arciga.jr@gmail.com',
  'first_name' => 'JayR',
  'last_name' => 'Arciga',
  'option_name1' => 'Originating Domain',
  'option_selection1' => 'puremaca.net',
  'option_name2' => 'Customer IP Address',
  'option_selection2' => '130.105.209.226',
  'item_name' => '1 Month @ $99.95 / then $49.95 USD / Monthly (recurring charge, for ongoing access)',
  'item_number' => '1',
  'proxy_verified' => 'stripe',
  'optimizemember_log' => 
  array (
    0 => 'IPN received on: Wed Jul 6, 2016 4:56:11 pm UTC',
    1 => 'optimizeMember POST vars verified with a Proxy Key',
    2 => 'optimizeMember originating domain (`$_SERVER["HTTP_HOST"]`) validated.',
    3 => 'optimizeMember `txn_type` identified as ( `web_accept|subscr_signup` ).',
    4 => 'optimizeMember `txn_type` identified as ( `web_accept|subscr_signup` ) w/o update vars.',
    5 => 'Signup Confirmation Email sent to: "JayR Arciga" <jayar.arciga.jr@gmail.com>.',
    6 => 'Subscr. Return ( `modification=0` ), a Proxy Return URL is ready.',
    7 => 'User exists. Handling `payment` for Subscription via ( `subscr-signup-as-subscr-payment` ).',
    8 => 'Storing IPN signup vars now. These are associated with a User\'s account record; for future reference.',
  ),
  'subscr_gateway' => 'stripe',
  'subscr_baid' => 'sub_8lr1mHt0HZRomL',
  'eotper' => NULL,
  'ccaps' => NULL,
  'level' => '1',
  'ip' => '130.105.209.226',
  'initial_term' => '1 M',
  'initial' => '99.95',
  'regular' => '49.95',
  'regular_term' => '1 M',
  'currency' => 'USD',
  'currency_symbol' => '$',
  'optimizemember_paypal_proxy_return_url' => 'http://puremaca.net/reviewsite5/login/',
  'optimizemember_paypal_proxy' => 'stripe',
  'optimizemember_paypal_proxy_use' => 'pro-emails,subscr-signup-as-subscr-payment',
  'optimizemember_paypal_proxy_coupon' => 
  array (
    'coupon_code' => '',
    'full_coupon_code' => '',
    'affiliate_id' => '',
  ),
  'optimizemember_paypal_proxy_verification' => '67ac01131909b0f15306dabeeebe124d',
)

LOG ENTRY: Wed Jul 6th, 2016 @ precisely 4:56 pm UTC
PHP v5.6.20 :: WordPress v4.5.3 :: optimizeMember v1.2.6 :: optimizeMember Pro v1.2.6
Memory 25.50 MB :: Real Memory 26.25 MB :: Peak Memory 25.66 MB :: Real Peak Memory 26.25 MB
puremaca.net/reviewsite5/?optimizemember_paypal_notify=1
User-Agent: optimizeMember v1.2.6; http://puremaca.net/reviewsite5
array (
  'txn_type' => 'subscr_payment',
  'txn_id' => 'in_18UJJmDvkGLdZJxbVLExb4DZ',
  'txn_cid' => 'cus_8lr1cu8Sa7Iikx',
  'subscr_cid' => 'cus_8lr1cu8Sa7Iikx',
  'subscr_id' => 'sub_8lr1mHt0HZRomL',
  'custom' => 'puremaca.net',
  'mc_gross' => '0.00',
  'mc_currency' => 'USD',
  'tax' => '0.00',
  'period1' => '1 M',
  'period3' => '1 M',
  'payer_email' => 'jayar.arciga.jr@gmail.com',
  'first_name' => 'JayR',
  'last_name' => 'Arciga',
  'option_name1' => 'Originating Domain',
  'option_selection1' => 'puremaca.net',
  'option_name2' => 'Customer IP Address',
  'option_selection2' => '130.105.209.226',
  'item_name' => '1 Month @ $99.95 / then $49.95 USD / Monthly (recurring charge, for ongoing access)',
  'item_number' => '1',
  'proxy_verified' => 'stripe',
  'optimizemember_log' => 
  array (
    0 => 'IPN received on: Wed Jul 6, 2016 4:56:21 pm UTC',
    1 => 'optimizeMember POST vars verified with a Proxy Key',
    2 => 'optimizeMember originating domain (`$_SERVER["HTTP_HOST"]`) validated.',
    3 => 'optimizeMember `txn_type` identified as ( `subscr_payment|recurring_payment` ).',
    4 => 'Updated Payment Times for this Member.',
  ),
  'subscr_gateway' => 'stripe',
  'subscr_baid' => 'sub_8lr1mHt0HZRomL',
  'ccaps' => NULL,
  'level' => '1',
  'ip' => '130.105.209.226',
  'currency' => 'USD',
  'currency_symbol' => '$',
  'optimizemember_paypal_proxy' => 'stripe',
  'optimizemember_paypal_proxy_use' => 'pro-emails',
  'optimizemember_paypal_proxy_verification' => '67ac01131909b0f15306dabeeebe124d',
)

LOG ENTRY: Wed Jul 6th, 2016 @ precisely 4:59 pm UTC
PHP v5.6.20 :: WordPress v4.5.3 :: optimizeMember v1.2.6 :: optimizeMember Pro v1.2.6
Memory 25.99 MB :: Real Memory 26.25 MB :: Peak Memory 26.09 MB :: Real Peak Memory 26.25 MB
puremaca.net/reviewsite5/?optimizemember_paypal_notify=1
User-Agent: optimizeMember v1.2.6; http://puremaca.net/reviewsite5
array (
  'txn_type' => 'subscr_eot',
  'subscr_cid' => 'cus_8lr1cu8Sa7Iikx',
  'subscr_id' => 'sub_8lr1mHt0HZRomL',
  'custom' => 'puremaca.net',
  'period1' => '1 M',
  'period3' => '1 M',
  'payer_email' => 'jayar.arciga.jr@gmail.com',
  'first_name' => 'JayR',
  'last_name' => 'Arciga',
  'option_name1' => 'Originating Domain',
  'option_selection1' => 'puremaca.net',
  'option_name2' => 'Customer IP Address',
  'option_selection2' => '130.105.209.226',
  'item_name' => '1 Month @ $99.95 / then $49.95 USD / Monthly (recurring charge, for ongoing access)',
  'item_number' => '1',
  'proxy_verified' => 'stripe',
  'optimizemember_log' => 
  array (
    0 => 'IPN received on: Wed Jul 6, 2016 4:59:52 pm UTC',
    1 => 'optimizeMember POST vars verified with a Proxy Key',
    2 => 'optimizeMember originating domain (`$_SERVER["HTTP_HOST"]`) validated.',
    3 => 'optimizeMember `txn_type` identified as ( `subscr_eot|recurring_payment_expired|recurring_payment_suspended_due_to_max_failed_payment` ) - or - `recurring_payment_profile_cancel` w/ `initial_payment_status` ( `failed` ).',
    4 => 'Member Level/Capabilities demoted to: Subscriber.',
  ),
  'subscr_gateway' => 'stripe',
  'subscr_baid' => 'sub_8lr1mHt0HZRomL',
  'ip' => '130.105.209.226',
  'currency' => '',
  'currency_symbol' => '$',
  'optimizemember_paypal_proxy' => 'stripe',
  'optimizemember_paypal_proxy_use' => 'pro-emails',
  'optimizemember_paypal_proxy_verification' => '67ac01131909b0f15306dabeeebe124d',
)

LOG ENTRY: Wed Jul 6th, 2016 @ precisely 5:03 pm UTC
PHP v5.6.20 :: WordPress v4.5.3 :: optimizeMember v1.2.6 :: optimizeMember Pro v1.2.6
Memory 25.96 MB :: Real Memory 26.50 MB :: Peak Memory 26.29 MB :: Real Peak Memory 26.50 MB
puremaca.net/reviewsite5/?optimizemember_paypal_notify=1
User-Agent: optimizeMember v1.2.6; http://puremaca.net/reviewsite5
array (
  'txn_type' => 'subscr_signup',
  'subscr_cid' => 'cus_8lr9sODruosHRf',
  'subscr_id' => 'sub_8lr9nzhWgdLXOU',
  'custom' => 'puremaca.net',
  'txn_cid' => 'cus_8lr9sODruosHRf',
  'txn_id' => 'ch_18UJRBDvkGLdZJxbmd7JgGFF',
  'period1' => '1 M',
  'period3' => '1 M',
  'mc_amount1' => '99.95',
  'mc_amount3' => '49.95',
  'mc_gross' => '99.95',
  'mc_currency' => 'USD',
  'tax' => '0.00',
  'recurring' => '49.95',
  'payer_email' => 'jayar.arciga.jr@gmail.com',
  'first_name' => 'JayR',
  'last_name' => 'Arciga',
  'option_name1' => 'Originating Domain',
  'option_selection1' => 'puremaca.net',
  'option_name2' => 'Customer IP Address',
  'option_selection2' => '130.105.209.226',
  'item_name' => '1 Month @ $99.95 / then $49.95 USD / Monthly (recurring charge, for ongoing access)',
  'item_number' => '1',
  'proxy_verified' => 'stripe',
  'optimizemember_log' => 
  array (
    0 => 'IPN received on: Wed Jul 6, 2016 5:03:52 pm UTC',
    1 => 'optimizeMember POST vars verified with a Proxy Key',
    2 => 'optimizeMember originating domain (`$_SERVER["HTTP_HOST"]`) validated.',
    3 => 'optimizeMember `txn_type` identified as ( `web_accept|subscr_signup` ).',
    4 => 'optimizeMember `txn_type` identified as ( `web_accept|subscr_signup` ) w/o update vars.',
    5 => 'Signup Confirmation Email sent to: "JayR Arciga" <jayar.arciga.jr@gmail.com>.',
    6 => 'Subscr. Return ( `modification=0` ), a Proxy Return URL is ready.',
    7 => 'User exists. Handling `payment` for Subscription via ( `subscr-signup-as-subscr-payment` ).',
    8 => 'Storing IPN signup vars now. These are associated with a User\'s account record; for future reference.',
  ),
  'subscr_gateway' => 'stripe',
  'subscr_baid' => 'sub_8lr9nzhWgdLXOU',
  'eotper' => NULL,
  'ccaps' => NULL,
  'level' => '1',
  'ip' => '130.105.209.226',
  'initial_term' => '1 M',
  'initial' => '99.95',
  'regular' => '49.95',
  'regular_term' => '1 M',
  'currency' => 'USD',
  'currency_symbol' => '$',
  'optimizemember_paypal_proxy_return_url' => 'http://puremaca.net/reviewsite5/login/',
  'optimizemember_paypal_proxy' => 'stripe',
  'optimizemember_paypal_proxy_use' => 'pro-emails,subscr-signup-as-subscr-payment',
  'optimizemember_paypal_proxy_coupon' => 
  array (
    'coupon_code' => '',
    'full_coupon_code' => '',
    'affiliate_id' => '',
  ),
  'optimizemember_paypal_proxy_verification' => '67ac01131909b0f15306dabeeebe124d',
)

LOG ENTRY: Wed Jul 6th, 2016 @ precisely 5:04 pm UTC
PHP v5.6.20 :: WordPress v4.5.3 :: optimizeMember v1.2.6 :: optimizeMember Pro v1.2.6
Memory 25.50 MB :: Real Memory 26.50 MB :: Peak Memory 25.66 MB :: Real Peak Memory 26.50 MB
puremaca.net/reviewsite5/?optimizemember_paypal_notify=1
User-Agent: optimizeMember v1.2.6; http://puremaca.net/reviewsite5
array (
  'txn_type' => 'subscr_payment',
  'txn_id' => 'in_18UJRDDvkGLdZJxbQzmnyOl5',
  'txn_cid' => 'cus_8lr9sODruosHRf',
  'subscr_cid' => 'cus_8lr9sODruosHRf',
  'subscr_id' => 'sub_8lr9nzhWgdLXOU',
  'custom' => 'puremaca.net',
  'mc_gross' => '0.00',
  'mc_currency' => 'USD',
  'tax' => '0.00',
  'period1' => '1 M',
  'period3' => '1 M',
  'payer_email' => 'jayar.arciga.jr@gmail.com',
  'first_name' => 'JayR',
  'last_name' => 'Arciga',
  'option_name1' => 'Originating Domain',
  'option_selection1' => 'puremaca.net',
  'option_name2' => 'Customer IP Address',
  'option_selection2' => '130.105.209.226',
  'item_name' => '1 Month @ $99.95 / then $49.95 USD / Monthly (recurring charge, for ongoing access)',
  'item_number' => '1',
  'proxy_verified' => 'stripe',
  'optimizemember_log' => 
  array (
    0 => 'IPN received on: Wed Jul 6, 2016 5:04:02 pm UTC',
    1 => 'optimizeMember POST vars verified with a Proxy Key',
    2 => 'optimizeMember originating domain (`$_SERVER["HTTP_HOST"]`) validated.',
    3 => 'optimizeMember `txn_type` identified as ( `subscr_payment|recurring_payment` ).',
    4 => 'Updated Payment Times for this Member.',
  ),
  'subscr_gateway' => 'stripe',
  'subscr_baid' => 'sub_8lr9nzhWgdLXOU',
  'ccaps' => NULL,
  'level' => '1',
  'ip' => '130.105.209.226',
  'currency' => 'USD',
  'currency_symbol' => '$',
  'optimizemember_paypal_proxy' => 'stripe',
  'optimizemember_paypal_proxy_use' => 'pro-emails',
  'optimizemember_paypal_proxy_verification' => '67ac01131909b0f15306dabeeebe124d',
)

LOG ENTRY: Sat Jul 23rd, 2016 @ precisely 4:26 pm UTC
PHP v5.6.20 :: WordPress v4.5.3 :: optimizeMember v1.2.6 :: optimizeMember Pro v1.2.6
Memory 26.07 MB :: Real Memory 26.50 MB :: Peak Memory 26.17 MB :: Real Peak Memory 26.50 MB
puremaca.net/reviewsite5/?optimizemember_paypal_notify=1
User-Agent: optimizeMember v1.2.6; http://puremaca.net/reviewsite5
array (
  'txn_type' => 'subscr_eot',
  'subscr_cid' => 'cus_8aVTUZppKs0cjF',
  'subscr_id' => 'sub_8aVTyDSbaNZtad',
  'custom' => 'puremaca.net',
  'period1' => '1 M',
  'period3' => '1 M',
  'payer_email' => 'mattejslo@gmail.com',
  'first_name' => 'Test',
  'last_name' => 'Best',
  'option_name1' => 'Originating Domain',
  'option_selection1' => 'puremaca.net',
  'option_name2' => 'Customer IP Address',
  'option_selection2' => '91.227.110.130',
  'item_name' => '1 Month @ $99.95 / then $49.95 USD / Monthly (recurring charge, for ongoing access)',
  'item_number' => '1',
  'proxy_verified' => 'stripe',
  'optimizemember_log' => 
  array (
    0 => 'IPN received on: Sat Jul 23, 2016 4:26:50 pm UTC',
    1 => 'optimizeMember POST vars verified with a Proxy Key',
    2 => 'optimizeMember originating domain (`$_SERVER["HTTP_HOST"]`) validated.',
    3 => 'optimizeMember `txn_type` identified as ( `subscr_eot|recurring_payment_expired|recurring_payment_suspended_due_to_max_failed_payment` ) - or - `recurring_payment_profile_cancel` w/ `initial_payment_status` ( `failed` ).',
    4 => 'Member Level/Capabilities demoted to: Subscriber.',
  ),
  'subscr_gateway' => 'stripe',
  'subscr_baid' => 'sub_8aVTyDSbaNZtad',
  'ip' => '91.227.110.130',
  'currency' => '',
  'currency_symbol' => '$',
  'optimizemember_paypal_proxy' => 'stripe',
  'optimizemember_paypal_proxy_use' => 'pro-emails',
  'optimizemember_paypal_proxy_verification' => '67ac01131909b0f15306dabeeebe124d',
)

LOG ENTRY: Sat Jul 23rd, 2016 @ precisely 4:26 pm UTC
PHP v5.6.20 :: WordPress v4.5.3 :: optimizeMember v1.2.6 :: optimizeMember Pro v1.2.6
Memory 26.07 MB :: Real Memory 26.50 MB :: Peak Memory 26.17 MB :: Real Peak Memory 26.50 MB
puremaca.net/reviewsite5/?optimizemember_paypal_notify=1
User-Agent: optimizeMember v1.2.6; http://puremaca.net/reviewsite5
array (
  'txn_type' => 'subscr_eot',
  'subscr_cid' => 'cus_8lr9sODruosHRf',
  'subscr_id' => 'sub_8lr9nzhWgdLXOU',
  'custom' => 'puremaca.net',
  'period1' => '1 M',
  'period3' => '1 M',
  'payer_email' => 'jayar.arciga.jr@gmail.com',
  'first_name' => 'JayR',
  'last_name' => 'Arciga',
  'option_name1' => 'Originating Domain',
  'option_selection1' => 'puremaca.net',
  'option_name2' => 'Customer IP Address',
  'option_selection2' => '130.105.209.226',
  'item_name' => '1 Month @ $99.95 / then $49.95 USD / Monthly (recurring charge, for ongoing access)',
  'item_number' => '1',
  'proxy_verified' => 'stripe',
  'optimizemember_log' => 
  array (
    0 => 'IPN received on: Sat Jul 23, 2016 4:26:54 pm UTC',
    1 => 'optimizeMember POST vars verified with a Proxy Key',
    2 => 'optimizeMember originating domain (`$_SERVER["HTTP_HOST"]`) validated.',
    3 => 'optimizeMember `txn_type` identified as ( `subscr_eot|recurring_payment_expired|recurring_payment_suspended_due_to_max_failed_payment` ) - or - `recurring_payment_profile_cancel` w/ `initial_payment_status` ( `failed` ).',
    4 => 'Member Level/Capabilities demoted to: Subscriber.',
  ),
  'subscr_gateway' => 'stripe',
  'subscr_baid' => 'sub_8lr9nzhWgdLXOU',
  'ip' => '130.105.209.226',
  'currency' => '',
  'currency_symbol' => '$',
  'optimizemember_paypal_proxy' => 'stripe',
  'optimizemember_paypal_proxy_use' => 'pro-emails',
  'optimizemember_paypal_proxy_verification' => '67ac01131909b0f15306dabeeebe124d',
)

